2020-05-28 07:27:02,336 INFO  [org.jboss.modules] (main) JBoss Modules version 1.10.0.Final
2020-05-28 07:27:07,254 INFO  [org.jboss.msc] (main) JBoss MSC version 1.4.11.Final
2020-05-28 07:27:07,286 INFO  [org.jboss.threads] (main) JBoss Threads version 2.3.3.Final
2020-05-28 07:27:07,655 INFO  [org.jboss.as] (MSC service thread 1-1) WFLYSRV0049: Keycloak 10.0.1 (WildFly Core 11.1.1.Final) starting
2020-05-28 07:27:07,671 DEBUG [org.jboss.as.config] (MSC service thread 1-1) Configured system properties:
	awt.toolkit = sun.awt.windows.WToolkit
	file.encoding = Cp1252
	file.encoding.pkg = sun.io
	file.separator = \
	java.awt.graphicsenv = sun.awt.Win32GraphicsEnvironment
	java.awt.printerjob = sun.awt.windows.WPrinterJob
	java.class.path = C:\Users\damaro\keycloak\keycloak-10.0.1\jboss-modules.jar
	java.class.version = 52.0
	java.endorsed.dirs = C:\Program Files\Java\jdk1.8.0_241\jre\lib\endorsed
	java.ext.dirs = C:\Program Files\Java\jdk1.8.0_241\jre\lib\ext;C:\WINDOWS\Sun\Java\lib\ext
	java.home = C:\Program Files\Java\jdk1.8.0_241\jre
	java.io.tmpdir = C:\Users\damaro\AppData\Local\Temp\
	java.library.path = C:\Program Files\Java\jdk1.8.0_241\bin;C:\WINDOWS\Sun\Java\bin;C:\WINDOWS\system32;C:\WINDOWS;C:\ProgramData\Anaconda3;C:\ProgramData\Anaconda3\Library\mingw-w64\bin;C:\ProgramData\Anaconda3\Library\usr\bin;C:\ProgramData\Anaconda3\Library\bin;C:\ProgramData\Anaconda3\Scripts;C:\Program Files (x86)\Common Files\Oracle\Java\javapath;C:\Windows\system32;C:\Windows;C:\Windows\System32\Wbem;C:\Windows\System32\WindowsPowerShell\v1.0\;C:\Program Files (x86)\ATI Technologies\ATI.ACE\Core-Static;C:\Program Files\Java\jdk1.8.0_241\bin;C:\apache-maven-3.6.3\bin;C:\Program Files (x86)\GnuWin32\bin;C:\Users\damaro\AppData\Roaming\Python\Scripts;C:\WINDOWS\system32;C:\WINDOWS;C:\WINDOWS\System32\Wbem;C:\Program Files\Java\jdk1.8.0_241\bin;C:\WINDOWS\System32\WindowsPowerShell\v1.0\;C:\WINDOWS\System32\OpenSSH\;C:\Program Files\nodejs\;C:\ProgramData\chocolatey\bin;C:\Users\damaro\Desktop\mestravaux\curl\curl-7.68.0;C:\Program Files\PuTTY\;C:\Program Files (x86)\Yarn\bin\;C:\flutter\bin;C:\tools\dart-sdk\bin;C:\MinGW\bin;C:\MinGW\bin;C:\Program Files\MiKTeX 2.9\miktex\bin\x64\;C:\Program Files (x86)\Brackets\command;C:\Program Files\Git\cmd;C:\Users\damaro\Desktop\reflexivite\camLatex\miktex\bin\x64\;C:\Users\damaro\keycloak\keycloak-10.0.1\bin;C:\Windows\system32;C:\Windows;C:\Windows\System32\Wbem;C:\Windows\System32\WindowsPowerShell\v1.0\;C:\Program Files (x86)\ATI Technologies\ATI.ACE\Core-Static;C:\Program Files\Java\jdk1.8.0_241\bin;C:\apache-maven-3.6.3\bin;C:\Program Files (x86)\GnuWin32\bin;C:\Users\damaro\AppData\Roaming\Python\Scripts;C:\Users\damaro\AppData\Local\Microsoft\WindowsApps;C:\Users\damaro\AppData\Roaming\npm;C:\Users\damaro\Desktop\mestravaux\curl\curl-7.68.0;C:\Users\damaro\AppData\Local\Yarn\bin;C:\Users\damaro\AppData\Local\GitHubDesktop\bin;C:\flutter\bin;C:\tools\dart-sdk\bin;C:\Users\damaro\AppData\Roaming\Pub\Cache\bin;C:\tools\dart-sdk\bin;C:\Users\damaro\AppData\Local\Programs\Microsoft VS Code\bin;C:\MinGW\bin;C:\MinGW\bin;C:\Program Files\deno\bin;C:\Users\damaro\keycloak\keycloak-10.0.1\bin;;.
	java.net.preferIPv4Stack = true
	java.runtime.name = Java(TM) SE Runtime Environment
	java.runtime.version = 1.8.0_241-b07
	java.specification.name = Java Platform API Specification
	java.specification.vendor = Oracle Corporation
	java.specification.version = 1.8
	java.util.logging.manager = org.jboss.logmanager.LogManager
	java.vendor = Oracle Corporation
	java.vendor.url = http://java.oracle.com/
	java.vendor.url.bug = http://bugreport.sun.com/bugreport/
	java.version = 1.8.0_241
	java.vm.info = mixed mode
	java.vm.name = Java HotSpot(TM) 64-Bit Server VM
	java.vm.specification.name = Java Virtual Machine Specification
	java.vm.specification.vendor = Oracle Corporation
	java.vm.specification.version = 1.8
	java.vm.vendor = Oracle Corporation
	java.vm.version = 25.241-b07
	javax.management.builder.initial = org.jboss.as.jmx.PluggableMBeanServerBuilder
	jboss.home.dir = C:\Users\damaro\keycloak\keycloak-10.0.1
	jboss.host.name = desktop-ak3otkv
	jboss.modules.dir = C:\Users\damaro\keycloak\keycloak-10.0.1\modules
	jboss.modules.system.pkgs = org.jboss.byteman
	jboss.node.name = desktop-ak3otkv
	jboss.qualified.host.name = desktop-ak3otkv
	jboss.server.base.dir = C:\Users\damaro\keycloak\keycloak-10.0.1\standalone
	jboss.server.config.dir = C:\Users\damaro\keycloak\keycloak-10.0.1\standalone\configuration
	jboss.server.data.dir = C:\Users\damaro\keycloak\keycloak-10.0.1\standalone\data
	jboss.server.deploy.dir = C:\Users\damaro\keycloak\keycloak-10.0.1\standalone\data\content
	jboss.server.log.dir = C:\Users\damaro\keycloak\keycloak-10.0.1\standalone\log
	jboss.server.name = desktop-ak3otkv
	jboss.server.persist.config = true
	jboss.server.temp.dir = C:\Users\damaro\keycloak\keycloak-10.0.1\standalone\tmp
	line.separator = 

	logging.configuration = file:C:\Users\damaro\keycloak\keycloak-10.0.1\standalone\configuration/logging.properties
	module.path = C:\Users\damaro\keycloak\keycloak-10.0.1\modules
	org.jboss.boot.log.file = C:\Users\damaro\keycloak\keycloak-10.0.1\standalone\log\server.log
	org.jboss.resolver.warning = true
	os.arch = amd64
	os.name = Windows 10
	os.version = 10.0
	path.separator = ;
	program.name = standalone.bat
	sun.arch.data.model = 64
	sun.boot.class.path = C:\Program Files\Java\jdk1.8.0_241\jre\lib\resources.jar;C:\Program Files\Java\jdk1.8.0_241\jre\lib\rt.jar;C:\Program Files\Java\jdk1.8.0_241\jre\lib\sunrsasign.jar;C:\Program Files\Java\jdk1.8.0_241\jre\lib\jsse.jar;C:\Program Files\Java\jdk1.8.0_241\jre\lib\jce.jar;C:\Program Files\Java\jdk1.8.0_241\jre\lib\charsets.jar;C:\Program Files\Java\jdk1.8.0_241\jre\lib\jfr.jar;C:\Program Files\Java\jdk1.8.0_241\jre\classes
	sun.boot.library.path = C:\Program Files\Java\jdk1.8.0_241\jre\bin
	sun.cpu.endian = little
	sun.cpu.isalist = amd64
	sun.desktop = windows
	sun.io.unicode.encoding = UnicodeLittle
	sun.java.command = C:\Users\damaro\keycloak\keycloak-10.0.1\jboss-modules.jar -mp C:\Users\damaro\keycloak\keycloak-10.0.1\modules org.jboss.as.standalone -Djboss.home.dir=C:\Users\damaro\keycloak\keycloak-10.0.1
	sun.java.launcher = SUN_STANDARD
	sun.jnu.encoding = Cp1252
	sun.management.compiler = HotSpot 64-Bit Tiered Compilers
	sun.os.patch.level = 
	sun.stderr.encoding = cp850
	sun.stdout.encoding = cp850
	user.country = FR
	user.dir = C:\Users\damaro\keycloak\keycloak-10.0.1\bin
	user.home = C:\Users\damaro
	user.language = fr
	user.name = damaro
	user.script = 
	user.timezone = Europe/Paris
	user.variant = 
2020-05-28 07:27:07,671 DEBUG [org.jboss.as.config] (MSC service thread 1-1) VM Arguments: -Dprogram.name=standalone.bat -Xms64M -Xmx512M -XX:MetaspaceSize=96M -XX:MaxMetaspaceSize=256m -Djava.net.preferIPv4Stack=true -Djboss.modules.system.pkgs=org.jboss.byteman -Dorg.jboss.boot.log.file=C:\Users\damaro\keycloak\keycloak-10.0.1\standalone\log\server.log -Dlogging.configuration=file:C:\Users\damaro\keycloak\keycloak-10.0.1\standalone\configuration/logging.properties 
2020-05-28 07:27:09,892 INFO  [org.wildfly.security] (ServerService Thread Pool -- 20) ELY00001: WildFly Elytron version 1.11.4.Final
2020-05-28 07:27:11,241 INFO  [org.jboss.as.controller.management-deprecated] (Controller Boot Thread) WFLYCTL0028: Attribute 'security-realm' in the resource at address '/core-service=management/management-interface=http-interface' is deprecated, and may be removed in a future version. See the attribute description in the output of the read-resource-description operation to learn more about the deprecation.
2020-05-28 07:27:11,276 INFO  [org.jboss.as.controller.management-deprecated] (ServerService Thread Pool -- 4) WFLYCTL0028: Attribute 'security-realm' in the resource at address '/subsystem=undertow/server=default-server/https-listener=https' is deprecated, and may be removed in a future version. See the attribute description in the output of the read-resource-description operation to learn more about the deprecation.
2020-05-28 07:27:11,524 INFO  [org.jboss.as.server] (Controller Boot Thread) WFLYSRV0039: Creating http management service using socket-binding (management-http)
2020-05-28 07:27:11,555 INFO  [org.xnio] (MSC service thread 1-3) XNIO version 3.7.7.Final
2020-05-28 07:27:11,570 INFO  [org.xnio.nio] (MSC service thread 1-3) XNIO NIO Implementation Version 3.7.7.Final
2020-05-28 07:27:11,655 INFO  [org.jboss.as.naming] (ServerService Thread Pool -- 43) WFLYNAM0001: Activating Naming Subsystem
2020-05-28 07:27:11,641 WARN  [org.jboss.as.txn] (ServerService Thread Pool -- 49) WFLYTX0013: The node-identifier attribute on the /subsystem=transactions is set to the default value. This is a danger for environments running multiple servers. Please make sure the attribute value is unique.
2020-05-28 07:27:11,692 INFO  [org.jboss.as.clustering.infinispan] (ServerService Thread Pool -- 37) WFLYCLINF0001: Activating Infinispan subsystem.
2020-05-28 07:27:11,703 INFO  [org.wildfly.extension.microprofile.metrics.smallrye] (ServerService Thread Pool -- 53) WFLYMETRICS0001: Activating Eclipse MicroProfile Metrics Subsystem
2020-05-28 07:27:11,711 INFO  [org.jboss.as.security] (ServerService Thread Pool -- 48) WFLYSEC0002: Activating Security Subsystem
2020-05-28 07:27:11,719 INFO  [org.wildfly.extension.microprofile.config.smallrye._private] (ServerService Thread Pool -- 51) WFLYCONF0001: Activating WildFly MicroProfile Config Subsystem
2020-05-28 07:27:11,729 INFO  [org.jboss.as.connector] (MSC service thread 1-2) WFLYJCA0009: Starting JCA Subsystem (WildFly/IronJacamar 1.4.20.Final)
2020-05-28 07:27:11,734 INFO  [org.wildfly.extension.microprofile.health.smallrye] (ServerService Thread Pool -- 52) WFLYHEALTH0001: Activating Eclipse MicroProfile Health Subsystem
2020-05-28 07:27:11,877 INFO  [org.wildfly.extension.undertow] (MSC service thread 1-1) WFLYUT0003: Undertow 2.1.0.Final starting
2020-05-28 07:27:11,883 INFO  [org.jboss.as.connector.subsystems.datasources] (ServerService Thread Pool -- 32) WFLYJCA0004: Deploying JDBC-compliant driver class org.h2.Driver (version 1.4)
2020-05-28 07:27:11,896 INFO  [org.jboss.as.security] (MSC service thread 1-8) WFLYSEC0001: Current PicketBox version=5.0.3.Final
2020-05-28 07:27:11,902 WARN  [org.wildfly.clustering.web.undertow] (ServerService Thread Pool -- 54) WFLYCLWEBUT0007: No routing provider found for default-server; using legacy provider based on static configuration
2020-05-28 07:27:11,906 INFO  [org.jboss.as.jaxrs] (ServerService Thread Pool -- 38) WFLYRS0016: RESTEasy version 3.11.2.Final
2020-05-28 07:27:11,918 INFO  [org.jboss.as.naming] (MSC service thread 1-1) WFLYNAM0003: Starting Naming Service
2020-05-28 07:27:12,018 INFO  [org.jboss.as.mail.extension] (MSC service thread 1-1) WFLYMAIL0001: Bound mail session [java:jboss/mail/Default]
2020-05-28 07:27:12,112 INFO  [org.jboss.as.connector.deployers.jdbc] (MSC service thread 1-8) WFLYJCA0018: Started Driver service with driver-name = h2
2020-05-28 07:27:12,313 INFO  [org.wildfly.extension.undertow] (ServerService Thread Pool -- 54) WFLYUT0014: Creating file handler for path 'C:\Users\damaro\keycloak\keycloak-10.0.1/welcome-content' with options [directory-listing: 'false', follow-symlink: 'false', case-sensitive: 'true', safe-symlink-paths: '[]']
2020-05-28 07:27:13,489 INFO  [org.wildfly.extension.io] (ServerService Thread Pool -- 36) WFLYIO001: Worker 'default' has auto-configured to 8 IO threads with 64 max task threads based on your 4 available processors
2020-05-28 07:27:13,496 INFO  [org.jboss.as.ejb3] (MSC service thread 1-4) WFLYEJB0481: Strict pool slsb-strict-max-pool is using a max instance size of 64 (per class), which is derived from thread worker pool sizing.
2020-05-28 07:27:13,496 INFO  [org.jboss.as.ejb3] (MSC service thread 1-7) WFLYEJB0482: Strict pool mdb-strict-max-pool is using a max instance size of 16 (per class), which is derived from the number of CPUs on this host.
2020-05-28 07:27:13,556 INFO  [org.wildfly.extension.undertow] (MSC service thread 1-5) WFLYUT0012: Started server default-server.
2020-05-28 07:27:13,564 INFO  [org.jboss.remoting] (MSC service thread 1-3) JBoss Remoting version 5.0.17.Final
2020-05-28 07:27:13,600 INFO  [org.wildfly.extension.undertow] (MSC service thread 1-1) WFLYUT0018: Host default-host starting
2020-05-28 07:27:13,668 INFO  [org.jboss.as.patching] (MSC service thread 1-2) WFLYPAT0050: Keycloak cumulative patch ID is: base, one-off patches include: none
2020-05-28 07:27:13,687 WARN  [org.jboss.as.domain.management.security] (MSC service thread 1-3) WFLYDM0111: Keystore C:\Users\damaro\keycloak\keycloak-10.0.1\standalone\configuration\application.keystore not found, it will be auto generated on first use with a self signed certificate for host localhost
2020-05-28 07:27:13,736 INFO  [org.wildfly.extension.undertow] (MSC service thread 1-6) WFLYUT0006: Undertow HTTP listener default listening on 127.0.0.1:8180
2020-05-28 07:27:13,760 INFO  [org.jboss.as.server.deployment.scanner] (MSC service thread 1-4) WFLYDS0013: Started FileSystemDeploymentService for directory C:\Users\damaro\keycloak\keycloak-10.0.1\standalone\deployments
2020-05-28 07:27:13,771 INFO  [org.jboss.as.server.deployment] (MSC service thread 1-1) WFLYSRV0027: Starting deployment of "keycloak-server.war" (runtime-name: "keycloak-server.war")
2020-05-28 07:27:13,776 INFO  [org.jboss.as.ejb3] (MSC service thread 1-6) WFLYEJB0493: EJB subsystem suspension complete
2020-05-28 07:27:13,914 INFO  [org.jboss.as.connector.subsystems.datasources] (MSC service thread 1-4) WFLYJCA0001: Bound data source [java:jboss/datasources/KeycloakDS]
2020-05-28 07:27:13,915 INFO  [org.jboss.as.connector.subsystems.datasources] (MSC service thread 1-7) WFLYJCA0001: Bound data source [java:jboss/datasources/ExampleDS]
2020-05-28 07:27:15,083 INFO  [org.infinispan.factories.GlobalComponentRegistry] (MSC service thread 1-3) ISPN000128: Infinispan version: Infinispan 'Infinity Minus ONE +2' 9.4.18.Final
2020-05-28 07:27:15,609 INFO  [org.jboss.as.clustering.infinispan] (ServerService Thread Pool -- 63) WFLYCLINF0002: Started loginFailures cache from keycloak container
2020-05-28 07:27:15,712 INFO  [org.jboss.as.clustering.infinispan] (ServerService Thread Pool -- 66) WFLYCLINF0002: Started realms cache from keycloak container
2020-05-28 07:27:15,715 INFO  [org.jboss.as.clustering.infinispan] (ServerService Thread Pool -- 56) WFLYCLINF0002: Started sessions cache from keycloak container
2020-05-28 07:27:15,715 INFO  [org.jboss.as.clustering.infinispan] (ServerService Thread Pool -- 60) WFLYCLINF0002: Started users cache from keycloak container
2020-05-28 07:27:15,715 INFO  [org.jboss.as.clustering.infinispan] (ServerService Thread Pool -- 59) WFLYCLINF0002: Started keys cache from keycloak container
2020-05-28 07:27:15,716 INFO  [org.jboss.as.clustering.infinispan] (ServerService Thread Pool -- 67) WFLYCLINF0002: Started authenticationSessions cache from keycloak container
2020-05-28 07:27:15,716 INFO  [org.jboss.as.clustering.infinispan] (ServerService Thread Pool -- 61) WFLYCLINF0002: Started authorization cache from keycloak container
2020-05-28 07:27:15,716 INFO  [org.jboss.as.clustering.infinispan] (ServerService Thread Pool -- 58) WFLYCLINF0002: Started offlineClientSessions cache from keycloak container
2020-05-28 07:27:15,717 INFO  [org.jboss.as.clustering.infinispan] (ServerService Thread Pool -- 62) WFLYCLINF0002: Started work cache from keycloak container
2020-05-28 07:27:15,717 INFO  [org.jboss.as.clustering.infinispan] (ServerService Thread Pool -- 57) WFLYCLINF0002: Started offlineSessions cache from keycloak container
2020-05-28 07:27:15,717 INFO  [org.jboss.as.clustering.infinispan] (ServerService Thread Pool -- 65) WFLYCLINF0002: Started actionTokens cache from keycloak container
2020-05-28 07:27:15,718 INFO  [org.jboss.as.clustering.infinispan] (ServerService Thread Pool -- 64) WFLYCLINF0002: Started clientSessions cache from keycloak container
2020-05-28 07:27:15,730 INFO  [org.jboss.as.clustering.infinispan] (ServerService Thread Pool -- 68) WFLYCLINF0002: Started client-mappings cache from ejb container
2020-05-28 07:27:15,954 WARN  [org.jboss.as.server.deployment] (MSC service thread 1-3) WFLYSRV0273: Excluded subsystem webservices via jboss-deployment-structure.xml does not exist.
2020-05-28 07:27:16,235 INFO  [org.wildfly.extension.undertow] (MSC service thread 1-4) WFLYUT0006: Undertow HTTPS listener https listening on 127.0.0.1:8443
2020-05-28 07:27:17,797 INFO  [org.keycloak.services] (ServerService Thread Pool -- 60) KC-SERVICES0001: Loading config from standalone.xml or domain.xml
2020-05-28 07:27:18,623 INFO  [org.keycloak.url.DefaultHostnameProviderFactory] (ServerService Thread Pool -- 60) Frontend: <request>, Admin: <frontend>, Backend: <request>
2020-05-28 07:27:18,818 INFO  [org.jboss.as.clustering.infinispan] (ServerService Thread Pool -- 60) WFLYCLINF0002: Started realmRevisions cache from keycloak container
2020-05-28 07:27:18,827 INFO  [org.jboss.as.clustering.infinispan] (ServerService Thread Pool -- 60) WFLYCLINF0002: Started userRevisions cache from keycloak container
2020-05-28 07:27:18,853 INFO  [org.jboss.as.clustering.infinispan] (ServerService Thread Pool -- 60) WFLYCLINF0002: Started authorizationRevisions cache from keycloak container
2020-05-28 07:27:18,855 INFO  [org.keycloak.connections.infinispan.DefaultInfinispanConnectionProviderFactory] (ServerService Thread Pool -- 60) Node name: desktop-ak3otkv, Site name: null
2020-05-28 07:27:35,160 INFO  [org.hibernate.jpa.internal.util.LogHelper] (ServerService Thread Pool -- 60) HHH000204: Processing PersistenceUnitInfo [
	name: keycloak-default
	...]
2020-05-28 07:27:35,606 INFO  [org.hibernate.Version] (ServerService Thread Pool -- 60) HHH000412: Hibernate Core {5.3.15.Final}
2020-05-28 07:27:35,646 INFO  [org.hibernate.cfg.Environment] (ServerService Thread Pool -- 60) HHH000206: hibernate.properties not found
2020-05-28 07:27:36,080 INFO  [org.hibernate.annotations.common.Version] (ServerService Thread Pool -- 60) HCANN000001: Hibernate Commons Annotations {5.0.5.Final}
2020-05-28 07:27:36,596 INFO  [org.hibernate.dialect.Dialect] (ServerService Thread Pool -- 60) HHH000400: Using dialect: org.hibernate.dialect.H2Dialect
2020-05-28 07:27:36,608 WARN  [org.hibernate.dialect.H2Dialect] (ServerService Thread Pool -- 60) HHH000431: Unable to determine H2 database version, certain features may not work
2020-05-28 07:27:36,706 INFO  [org.hibernate.envers.boot.internal.EnversServiceImpl] (ServerService Thread Pool -- 60) Envers integration enabled? : true
2020-05-28 07:27:38,307 INFO  [org.hibernate.orm.beans] (ServerService Thread Pool -- 60) HHH10005002: No explicit CDI BeanManager reference was passed to Hibernate, but CDI is available on the Hibernate ClassLoader.
2020-05-28 07:27:38,471 INFO  [org.hibernate.validator.internal.util.Version] (ServerService Thread Pool -- 60) HV000001: Hibernate Validator 6.0.18.Final
2020-05-28 07:27:40,906 INFO  [org.hibernate.hql.internal.QueryTranslatorFactoryInitiator] (ServerService Thread Pool -- 60) HHH000397: Using ASTQueryTranslatorFactory
2020-05-28 07:27:42,840 INFO  [org.jboss.resteasy.resteasy_jaxrs.i18n] (ServerService Thread Pool -- 60) RESTEASY002225: Deploying javax.ws.rs.core.Application: class org.keycloak.services.resources.KeycloakApplication
2020-05-28 07:27:42,843 INFO  [org.jboss.resteasy.resteasy_jaxrs.i18n] (ServerService Thread Pool -- 60) RESTEASY002205: Adding provider class org.keycloak.services.filters.KeycloakTransactionCommitter from Application class org.keycloak.services.resources.KeycloakApplication
2020-05-28 07:27:42,846 INFO  [org.jboss.resteasy.resteasy_jaxrs.i18n] (ServerService Thread Pool -- 60) RESTEASY002200: Adding class resource org.keycloak.services.resources.ThemeResource from Application class org.keycloak.services.resources.KeycloakApplication
2020-05-28 07:27:42,847 INFO  [org.jboss.resteasy.resteasy_jaxrs.i18n] (ServerService Thread Pool -- 60) RESTEASY002205: Adding provider class org.keycloak.services.filters.KeycloakSecurityHeadersFilter from Application class org.keycloak.services.resources.KeycloakApplication
2020-05-28 07:27:42,848 INFO  [org.jboss.resteasy.resteasy_jaxrs.i18n] (ServerService Thread Pool -- 60) RESTEASY002205: Adding provider class org.keycloak.services.error.KeycloakErrorHandler from Application class org.keycloak.services.resources.KeycloakApplication
2020-05-28 07:27:42,848 INFO  [org.jboss.resteasy.resteasy_jaxrs.i18n] (ServerService Thread Pool -- 60) RESTEASY002200: Adding class resource org.keycloak.services.resources.JsResource from Application class org.keycloak.services.resources.KeycloakApplication
2020-05-28 07:27:42,849 INFO  [org.jboss.resteasy.resteasy_jaxrs.i18n] (ServerService Thread Pool -- 60) RESTEASY002220: Adding singleton resource org.keycloak.services.resources.WelcomeResource from Application class org.keycloak.services.resources.KeycloakApplication
2020-05-28 07:27:42,850 INFO  [org.jboss.resteasy.resteasy_jaxrs.i18n] (ServerService Thread Pool -- 60) RESTEASY002210: Adding provider singleton org.keycloak.services.util.ObjectMapperResolver from Application class org.keycloak.services.resources.KeycloakApplication
2020-05-28 07:27:42,850 INFO  [org.jboss.resteasy.resteasy_jaxrs.i18n] (ServerService Thread Pool -- 60) RESTEASY002220: Adding singleton resource org.keycloak.services.resources.RobotsResource from Application class org.keycloak.services.resources.KeycloakApplication
2020-05-28 07:27:42,851 INFO  [org.jboss.resteasy.resteasy_jaxrs.i18n] (ServerService Thread Pool -- 60) RESTEASY002220: Adding singleton resource org.keycloak.services.resources.RealmsResource from Application class org.keycloak.services.resources.KeycloakApplication
2020-05-28 07:27:42,852 INFO  [org.jboss.resteasy.resteasy_jaxrs.i18n] (ServerService Thread Pool -- 60) RESTEASY002220: Adding singleton resource org.keycloak.services.resources.admin.AdminRoot from Application class org.keycloak.services.resources.KeycloakApplication
2020-05-28 07:27:43,050 INFO  [org.wildfly.extension.undertow] (ServerService Thread Pool -- 60) WFLYUT0021: Registered web context: '/auth' for server 'default-server'
2020-05-28 07:27:43,379 INFO  [org.jboss.as.server] (ServerService Thread Pool -- 55) WFLYSRV0010: Deployed "keycloak-server.war" (runtime-name : "keycloak-server.war")
2020-05-28 07:27:43,566 INFO  [org.jboss.as.server] (Controller Boot Thread) WFLYSRV0212: Resuming server
2020-05-28 07:27:43,570 INFO  [org.jboss.as] (Controller Boot Thread) WFLYSRV0060: Http management interface listening on http://127.0.0.1:9990/management
2020-05-28 07:27:43,571 INFO  [org.jboss.as] (Controller Boot Thread) WFLYSRV0051: Admin console listening on http://127.0.0.1:9990
2020-05-28 07:27:43,571 INFO  [org.jboss.as] (Controller Boot Thread) WFLYSRV0025: Keycloak 10.0.1 (WildFly Core 11.1.1.Final) started in 42546ms - Started 591 of 889 services (606 services are lazy, passive or on-demand)
2020-05-28 08:36:40,658 WARN  [org.keycloak.events] (default task-5) type=LOGIN_ERROR, realmId=ecomerce-realm, clientId=AngularProductsApp, userId=f6a7a969-15f7-4270-b961-5f0fccc2a2c8, ipAddress=127.0.0.1, error=invalid_user_credentials, auth_method=openid-connect, auth_type=code, redirect_uri=http://localhost:4200/suppliers, code_id=f169384a-5dca-446f-a817-d08d33a0ccd6, username=mawatta, authSessionParentId=f169384a-5dca-446f-a817-d08d33a0ccd6, authSessionTabId=rwSnTLmEJNk
2020-05-28 09:15:15,165 WARN  [org.keycloak.events] (default task-6) type=REFRESH_TOKEN_ERROR, realmId=master, clientId=security-admin-console, userId=null, ipAddress=127.0.0.1, error=invalid_token, grant_type=refresh_token, client_auth_method=client-secret
2020-05-28 10:42:00,843 WARN  [org.keycloak.events] (default task-7) type=REFRESH_TOKEN_ERROR, realmId=master, clientId=security-admin-console, userId=null, ipAddress=127.0.0.1, error=invalid_token, grant_type=refresh_token, client_auth_method=client-secret
2020-05-28 10:48:50,579 WARN  [org.keycloak.events] (default task-7) type=LOGIN_ERROR, realmId=ecomerce-realm, clientId=products-app, userId=null, ipAddress=127.0.0.1, error=invalid_redirect_uri, redirect_uri=http://localhost:8083/sso/login
